<?xml version="1.0" encoding="UTF-8"?>
<coverage generated="1711895737195" clover="3.2.0">
  <project timestamp="1711895737195" name="All files">
    <metrics statements="67" coveredstatements="28" conditionals="43" coveredconditionals="12" methods="25" coveredmethods="3" elements="135" coveredelements="43" complexity="0" loc="67" ncloc="67" packages="1" files="1" classes="1"/>
    <file name="restClient.ts" path="/Users/steve/Documents/sentosa/code/stcland/packages/rest-hooks/src/restClient.ts">
      <metrics statements="67" coveredstatements="28" conditionals="43" coveredconditionals="12" methods="25" coveredmethods="3"/>
      <line num="1" count="1" type="stmt"/>
      <line num="3" count="1" type="stmt"/>
      <line num="4" count="1" type="stmt"/>
      <line num="5" count="1" type="stmt"/>
      <line num="6" count="1" type="stmt"/>
      <line num="20" count="1" type="stmt"/>
      <line num="27" count="0" type="stmt"/>
      <line num="38" count="0" type="stmt"/>
      <line num="39" count="0" type="stmt"/>
      <line num="40" count="0" type="stmt"/>
      <line num="41" count="0" type="stmt"/>
      <line num="42" count="0" type="stmt"/>
      <line num="47" count="0" type="stmt"/>
      <line num="49" count="0" type="stmt"/>
      <line num="50" count="0" type="cond" truecount="0" falsecount="2"/>
      <line num="52" count="0" type="stmt"/>
      <line num="54" count="0" type="stmt"/>
      <line num="55" count="0" type="cond" truecount="0" falsecount="2"/>
      <line num="57" count="0" type="stmt"/>
      <line num="59" count="0" type="stmt"/>
      <line num="60" count="0" type="cond" truecount="0" falsecount="2"/>
      <line num="62" count="0" type="stmt"/>
      <line num="64" count="0" type="stmt"/>
      <line num="65" count="0" type="cond" truecount="0" falsecount="2"/>
      <line num="67" count="0" type="stmt"/>
      <line num="69" count="0" type="stmt"/>
      <line num="70" count="0" type="cond" truecount="0" falsecount="2"/>
      <line num="75" count="0" type="stmt"/>
      <line num="78" count="0" type="cond" truecount="0" falsecount="2"/>
      <line num="82" count="0" type="stmt"/>
      <line num="88" count="0" type="stmt"/>
      <line num="103" count="1" type="stmt"/>
      <line num="104" count="0" type="stmt"/>
      <line num="106" count="0" type="stmt"/>
      <line num="107" count="0" type="cond" truecount="0" falsecount="2"/>
      <line num="108" count="0" type="stmt"/>
      <line num="110" count="0" type="cond" truecount="0" falsecount="1"/>
      <line num="111" count="0" type="stmt"/>
      <line num="112" count="0" type="cond" truecount="0" falsecount="1"/>
      <line num="115" count="0" type="cond" truecount="0" falsecount="2"/>
      <line num="127" count="1" type="stmt"/>
      <line num="128" count="0" type="stmt"/>
      <line num="133" count="0" type="cond" truecount="0" falsecount="1"/>
      <line num="134" count="0" type="stmt"/>
      <line num="136" count="0" type="stmt"/>
      <line num="137" count="0" type="cond" truecount="0" falsecount="3"/>
      <line num="139" count="0" type="stmt"/>
      <line num="161" count="1" type="stmt"/>
      <line num="165" count="7" type="cond" truecount="1" falsecount="0"/>
      <line num="166" count="6" type="stmt"/>
      <line num="168" count="6" type="cond" truecount="1" falsecount="1"/>
      <line num="169" count="6" type="cond" truecount="2" falsecount="1"/>
      <line num="171" count="6" type="stmt"/>
      <line num="176" count="6" type="stmt"/>
      <line num="181" count="6" type="stmt"/>
      <line num="184" count="6" type="cond" truecount="1" falsecount="0"/>
      <line num="185" count="4" type="cond" truecount="1" falsecount="1"/>
      <line num="186" count="10" type="cond" truecount="1" falsecount="1"/>
      <line num="187" count="10" type="stmt"/>
      <line num="191" count="10" type="stmt"/>
      <line num="192" count="10" type="stmt"/>
      <line num="196" count="6" type="cond" truecount="1" falsecount="0"/>
      <line num="197" count="3" type="cond" truecount="2" falsecount="0"/>
      <line num="201" count="6" type="stmt"/>
      <line num="202" count="6" type="stmt"/>
      <line num="206" count="6" type="cond" truecount="2" falsecount="0"/>
      <line num="210" count="6" type="stmt"/>
    </file>
  </project>
</coverage>
