<?xml version="1.0" encoding="UTF-8"?>
<coverage generated="1720704480976" clover="3.2.0">
  <project timestamp="1720704480976" name="All files">
    <metrics statements="58" coveredstatements="28" conditionals="43" coveredconditionals="12" methods="20" coveredmethods="3" elements="121" coveredelements="43" complexity="0" loc="58" ncloc="58" packages="1" files="1" classes="1"/>
    <file name="restClient.ts" path="/Users/steve/Documents/sentosa/code/stcland/packages/rest-hooks/src/restClient.ts">
      <metrics statements="58" coveredstatements="28" conditionals="43" coveredconditionals="12" methods="20" coveredmethods="3"/>
      <line num="1" count="1" type="stmt"/>
      <line num="3" count="1" type="stmt"/>
      <line num="4" count="1" type="stmt"/>
      <line num="5" count="1" type="stmt"/>
      <line num="6" count="1" type="stmt"/>
      <line num="21" count="1" type="stmt"/>
      <line num="26" count="0" type="stmt"/>
      <line num="31" count="0" type="stmt"/>
      <line num="51" count="0" type="stmt"/>
      <line num="52" count="0" type="cond" truecount="0" falsecount="2"/>
      <line num="56" count="0" type="stmt"/>
      <line num="57" count="0" type="cond" truecount="0" falsecount="2"/>
      <line num="61" count="0" type="stmt"/>
      <line num="62" count="0" type="cond" truecount="0" falsecount="2"/>
      <line num="66" count="0" type="stmt"/>
      <line num="67" count="0" type="cond" truecount="0" falsecount="2"/>
      <line num="71" count="0" type="stmt"/>
      <line num="72" count="0" type="cond" truecount="0" falsecount="2"/>
      <line num="78" count="0" type="stmt"/>
      <line num="81" count="0" type="cond" truecount="0" falsecount="2"/>
      <line num="85" count="0" type="stmt"/>
      <line num="91" count="0" type="stmt"/>
      <line num="106" count="1" type="stmt"/>
      <line num="107" count="0" type="stmt"/>
      <line num="109" count="0" type="stmt"/>
      <line num="110" count="0" type="cond" truecount="0" falsecount="2"/>
      <line num="111" count="0" type="stmt"/>
      <line num="113" count="0" type="cond" truecount="0" falsecount="1"/>
      <line num="114" count="0" type="stmt"/>
      <line num="115" count="0" type="cond" truecount="0" falsecount="1"/>
      <line num="118" count="0" type="cond" truecount="0" falsecount="2"/>
      <line num="130" count="1" type="stmt"/>
      <line num="131" count="0" type="stmt"/>
      <line num="136" count="0" type="cond" truecount="0" falsecount="1"/>
      <line num="137" count="0" type="stmt"/>
      <line num="139" count="0" type="stmt"/>
      <line num="140" count="0" type="cond" truecount="0" falsecount="3"/>
      <line num="142" count="0" type="stmt"/>
      <line num="164" count="1" type="stmt"/>
      <line num="168" count="7" type="cond" truecount="1" falsecount="0"/>
      <line num="169" count="6" type="stmt"/>
      <line num="171" count="6" type="cond" truecount="1" falsecount="1"/>
      <line num="172" count="6" type="cond" truecount="2" falsecount="1"/>
      <line num="174" count="6" type="stmt"/>
      <line num="179" count="6" type="stmt"/>
      <line num="184" count="6" type="stmt"/>
      <line num="187" count="6" type="cond" truecount="1" falsecount="0"/>
      <line num="188" count="4" type="cond" truecount="1" falsecount="1"/>
      <line num="189" count="10" type="cond" truecount="1" falsecount="1"/>
      <line num="190" count="10" type="stmt"/>
      <line num="194" count="10" type="stmt"/>
      <line num="195" count="10" type="stmt"/>
      <line num="199" count="6" type="cond" truecount="1" falsecount="0"/>
      <line num="200" count="3" type="cond" truecount="2" falsecount="0"/>
      <line num="204" count="6" type="stmt"/>
      <line num="205" count="6" type="stmt"/>
      <line num="209" count="6" type="cond" truecount="2" falsecount="0"/>
      <line num="213" count="6" type="stmt"/>
    </file>
  </project>
</coverage>
