{"/Users/steve/Documents/sentosa/code/stcland/packages/rest-hooks/src/restClient.ts": {"path":"/Users/steve/Documents/sentosa/code/stcland/packages/rest-hooks/src/restClient.ts","statementMap":{"0":{"start":{"line":1,"column":0},"end":{"line":1,"column":72}},"1":{"start":{"line":3,"column":0},"end":{"line":3,"column":39}},"2":{"start":{"line":4,"column":0},"end":{"line":4,"column":79}},"3":{"start":{"line":5,"column":0},"end":{"line":5,"column":41}},"4":{"start":{"line":6,"column":0},"end":{"line":6,"column":null}},"5":{"start":{"line":21,"column":50},"end":{"line":92,"column":1}},"6":{"start":{"line":26,"column":22},"end":{"line":29,"column":4}},"7":{"start":{"line":31,"column":33},"end":{"line":74,"column":null}},"8":{"start":{"line":51,"column":6},"end":{"line":52,"column":90}},"9":{"start":{"line":52,"column":6},"end":{"line":52,"column":90}},"10":{"start":{"line":56,"column":6},"end":{"line":57,"column":99}},"11":{"start":{"line":57,"column":8},"end":{"line":57,"column":99}},"12":{"start":{"line":61,"column":6},"end":{"line":62,"column":98}},"13":{"start":{"line":62,"column":8},"end":{"line":62,"column":98}},"14":{"start":{"line":66,"column":6},"end":{"line":67,"column":100}},"15":{"start":{"line":67,"column":8},"end":{"line":67,"column":100}},"16":{"start":{"line":71,"column":6},"end":{"line":72,"column":95}},"17":{"start":{"line":72,"column":8},"end":{"line":72,"column":95}},"18":{"start":{"line":78,"column":2},"end":{"line":83,"column":null}},"19":{"start":{"line":81,"column":61},"end":{"line":81,"column":75}},"20":{"start":{"line":85,"column":2},"end":{"line":90,"column":null}},"21":{"start":{"line":91,"column":2},"end":{"line":91,"column":null}},"22":{"start":{"line":21,"column":13},"end":{"line":21,"column":50}},"23":{"start":{"line":106,"column":2},"end":{"line":121,"column":1}},"24":{"start":{"line":107,"column":2},"end":{"line":121,"column":1}},"25":{"start":{"line":109,"column":38},"end":{"line":109,"column":42}},"26":{"start":{"line":110,"column":22},"end":{"line":110,"column":72}},"27":{"start":{"line":111,"column":41},"end":{"line":111,"column":44}},"28":{"start":{"line":113,"column":2},"end":{"line":116,"column":3}},"29":{"start":{"line":114,"column":4},"end":{"line":114,"column":null}},"30":{"start":{"line":115,"column":4},"end":{"line":115,"column":null}},"31":{"start":{"line":115,"column":14},"end":{"line":115,"column":null}},"32":{"start":{"line":118,"column":2},"end":{"line":120,"column":null}},"33":{"start":{"line":130,"column":2},"end":{"line":143,"column":1}},"34":{"start":{"line":131,"column":2},"end":{"line":143,"column":1}},"35":{"start":{"line":137,"column":6},"end":{"line":137,"column":10}},"36":{"start":{"line":136,"column":35},"end":{"line":136,"column":38}},"37":{"start":{"line":139,"column":39},"end":{"line":139,"column":42}},"38":{"start":{"line":140,"column":2},"end":{"line":140,"column":82}},"39":{"start":{"line":140,"column":17},"end":{"line":140,"column":81}},"40":{"start":{"line":142,"column":2},"end":{"line":142,"column":null}},"41":{"start":{"line":164,"column":30},"end":{"line":214,"column":1}},"42":{"start":{"line":168,"column":2},"end":{"line":168,"column":null}},"43":{"start":{"line":168,"column":28},"end":{"line":168,"column":null}},"44":{"start":{"line":169,"column":2},"end":{"line":169,"column":null}},"45":{"start":{"line":171,"column":38},"end":{"line":171,"column":50}},"46":{"start":{"line":172,"column":2},"end":{"line":172,"column":null}},"47":{"start":{"line":172,"column":61},"end":{"line":172,"column":null}},"48":{"start":{"line":174,"column":2},"end":{"line":177,"column":null}},"49":{"start":{"line":179,"column":2},"end":{"line":182,"column":null}},"50":{"start":{"line":184,"column":21},"end":{"line":184,"column":29}},"51":{"start":{"line":187,"column":2},"end":{"line":197,"column":3}},"52":{"start":{"line":188,"column":4},"end":{"line":196,"column":null}},"53":{"start":{"line":189,"column":25},"end":{"line":189,"column":61}},"54":{"start":{"line":190,"column":6},"end":{"line":193,"column":null}},"55":{"start":{"line":194,"column":28},"end":{"line":194,"column":67}},"56":{"start":{"line":195,"column":6},"end":{"line":195,"column":null}},"57":{"start":{"line":199,"column":2},"end":{"line":211,"column":3}},"58":{"start":{"line":200,"column":4},"end":{"line":210,"column":null}},"59":{"start":{"line":204,"column":29},"end":{"line":204,"column":50}},"60":{"start":{"line":205,"column":10},"end":{"line":208,"column":null}},"61":{"start":{"line":209,"column":10},"end":{"line":209,"column":null}},"62":{"start":{"line":213,"column":2},"end":{"line":213,"column":null}},"63":{"start":{"line":164,"column":13},"end":{"line":164,"column":30}}},"fnMap":{"0":{"name":"(anonymous_1)","decl":{"start":{"line":21,"column":50},"end":{"line":21,"column":null}},"loc":{"start":{"line":23,"column":33},"end":{"line":92,"column":1}}},"1":{"name":"(anonymous_2)","decl":{"start":{"line":50,"column":6},"end":{"line":50,"column":7}},"loc":{"start":{"line":51,"column":6},"end":{"line":52,"column":90}}},"2":{"name":"(anonymous_3)","decl":{"start":{"line":51,"column":6},"end":{"line":51,"column":9}},"loc":{"start":{"line":52,"column":6},"end":{"line":52,"column":90}}},"3":{"name":"(anonymous_4)","decl":{"start":{"line":55,"column":6},"end":{"line":55,"column":7}},"loc":{"start":{"line":56,"column":6},"end":{"line":57,"column":99}}},"4":{"name":"(anonymous_5)","decl":{"start":{"line":56,"column":6},"end":{"line":56,"column":7}},"loc":{"start":{"line":57,"column":8},"end":{"line":57,"column":99}}},"5":{"name":"(anonymous_6)","decl":{"start":{"line":60,"column":6},"end":{"line":60,"column":7}},"loc":{"start":{"line":61,"column":6},"end":{"line":62,"column":98}}},"6":{"name":"(anonymous_7)","decl":{"start":{"line":61,"column":6},"end":{"line":61,"column":7}},"loc":{"start":{"line":62,"column":8},"end":{"line":62,"column":98}}},"7":{"name":"(anonymous_8)","decl":{"start":{"line":65,"column":6},"end":{"line":65,"column":7}},"loc":{"start":{"line":66,"column":6},"end":{"line":67,"column":100}}},"8":{"name":"(anonymous_9)","decl":{"start":{"line":66,"column":6},"end":{"line":66,"column":7}},"loc":{"start":{"line":67,"column":8},"end":{"line":67,"column":100}}},"9":{"name":"(anonymous_10)","decl":{"start":{"line":70,"column":6},"end":{"line":70,"column":7}},"loc":{"start":{"line":71,"column":6},"end":{"line":72,"column":95}}},"10":{"name":"(anonymous_11)","decl":{"start":{"line":71,"column":6},"end":{"line":71,"column":7}},"loc":{"start":{"line":72,"column":8},"end":{"line":72,"column":95}}},"11":{"name":"(anonymous_12)","decl":{"start":{"line":81,"column":55},"end":{"line":81,"column":58}},"loc":{"start":{"line":81,"column":61},"end":{"line":81,"column":75}}},"12":{"name":"(anonymous_13)","decl":{"start":{"line":106,"column":2},"end":{"line":106,"column":3}},"loc":{"start":{"line":107,"column":2},"end":{"line":121,"column":1}}},"13":{"name":"(anonymous_14)","decl":{"start":{"line":107,"column":2},"end":{"line":107,"column":3}},"loc":{"start":{"line":107,"column":85},"end":{"line":121,"column":1}}},"14":{"name":"(anonymous_15)","decl":{"start":{"line":130,"column":2},"end":{"line":130,"column":3}},"loc":{"start":{"line":131,"column":2},"end":{"line":143,"column":1}}},"15":{"name":"(anonymous_16)","decl":{"start":{"line":131,"column":2},"end":{"line":131,"column":3}},"loc":{"start":{"line":131,"column":25},"end":{"line":143,"column":1}}},"16":{"name":"(anonymous_17)","decl":{"start":{"line":136,"column":28},"end":{"line":136,"column":31}},"loc":{"start":{"line":136,"column":35},"end":{"line":136,"column":38}}},"17":{"name":"(anonymous_18)","decl":{"start":{"line":164,"column":30},"end":{"line":164,"column":null}},"loc":{"start":{"line":167,"column":4},"end":{"line":214,"column":1}}},"18":{"name":"(anonymous_19)","decl":{"start":{"line":188,"column":49},"end":{"line":188,"column":50}},"loc":{"start":{"line":188,"column":81},"end":{"line":196,"column":5}}},"19":{"name":"(anonymous_20)","decl":{"start":{"line":203,"column":33},"end":{"line":203,"column":34}},"loc":{"start":{"line":203,"column":62},"end":{"line":210,"column":9}}}},"branchMap":{"0":{"loc":{"start":{"line":27,"column":13},"end":{"line":27,"column":47}},"type":"binary-expr","locations":[{"start":{"line":27,"column":13},"end":{"line":27,"column":41}},{"start":{"line":27,"column":45},"end":{"line":27,"column":47}}]},"1":{"loc":{"start":{"line":28,"column":13},"end":{"line":28,"column":42}},"type":"binary-expr","locations":[{"start":{"line":28,"column":13},"end":{"line":28,"column":34}},{"start":{"line":28,"column":38},"end":{"line":28,"column":42}}]},"2":{"loc":{"start":{"line":52,"column":58},"end":{"line":52,"column":74}},"type":"binary-expr","locations":[{"start":{"line":52,"column":58},"end":{"line":52,"column":68}},{"start":{"line":52,"column":72},"end":{"line":52,"column":74}}]},"3":{"loc":{"start":{"line":57,"column":61},"end":{"line":57,"column":77}},"type":"binary-expr","locations":[{"start":{"line":57,"column":61},"end":{"line":57,"column":71}},{"start":{"line":57,"column":75},"end":{"line":57,"column":77}}]},"4":{"loc":{"start":{"line":62,"column":60},"end":{"line":62,"column":76}},"type":"binary-expr","locations":[{"start":{"line":62,"column":60},"end":{"line":62,"column":70}},{"start":{"line":62,"column":74},"end":{"line":62,"column":76}}]},"5":{"loc":{"start":{"line":67,"column":62},"end":{"line":67,"column":78}},"type":"binary-expr","locations":[{"start":{"line":67,"column":62},"end":{"line":67,"column":72}},{"start":{"line":67,"column":76},"end":{"line":67,"column":78}}]},"6":{"loc":{"start":{"line":72,"column":63},"end":{"line":72,"column":79}},"type":"binary-expr","locations":[{"start":{"line":72,"column":63},"end":{"line":72,"column":73}},{"start":{"line":72,"column":77},"end":{"line":72,"column":79}}]},"7":{"loc":{"start":{"line":81,"column":22},"end":{"line":81,"column":76}},"type":"binary-expr","locations":[{"start":{"line":81,"column":22},"end":{"line":81,"column":50}},{"start":{"line":81,"column":55},"end":{"line":81,"column":75}}]},"8":{"loc":{"start":{"line":110,"column":22},"end":{"line":110,"column":72}},"type":"cond-expr","locations":[{"start":{"line":110,"column":51},"end":{"line":110,"column":67}},{"start":{"line":110,"column":70},"end":{"line":110,"column":72}}]},"9":{"loc":{"start":{"line":113,"column":2},"end":{"line":116,"column":3}},"type":"if","locations":[{"start":{"line":113,"column":2},"end":{"line":116,"column":3}}]},"10":{"loc":{"start":{"line":115,"column":4},"end":{"line":115,"column":null}},"type":"if","locations":[{"start":{"line":115,"column":4},"end":{"line":115,"column":null}}]},"11":{"loc":{"start":{"line":118,"column":9},"end":{"line":120,"column":9}},"type":"cond-expr","locations":[{"start":{"line":119,"column":6},"end":{"line":119,"column":75}},{"start":{"line":120,"column":6},"end":{"line":120,"column":9}}]},"12":{"loc":{"start":{"line":135,"column":4},"end":{"line":135,"column":19}},"type":"default-arg","locations":[{"start":{"line":135,"column":14},"end":{"line":135,"column":19}}]},"13":{"loc":{"start":{"line":136,"column":4},"end":{"line":136,"column":38}},"type":"default-arg","locations":[{"start":{"line":136,"column":28},"end":{"line":136,"column":38}}]},"14":{"loc":{"start":{"line":140,"column":2},"end":{"line":140,"column":82}},"type":"if","locations":[{"start":{"line":140,"column":2},"end":{"line":140,"column":82}}]},"15":{"loc":{"start":{"line":140,"column":69},"end":{"line":140,"column":79}},"type":"binary-expr","locations":[{"start":{"line":140,"column":69},"end":{"line":140,"column":73}},{"start":{"line":140,"column":77},"end":{"line":140,"column":79}}]},"16":{"loc":{"start":{"line":168,"column":2},"end":{"line":168,"column":null}},"type":"if","locations":[{"start":{"line":168,"column":2},"end":{"line":168,"column":null}}]},"17":{"loc":{"start":{"line":171,"column":38},"end":{"line":171,"column":50}},"type":"binary-expr","locations":[{"start":{"line":171,"column":38},"end":{"line":171,"column":44}},{"start":{"line":171,"column":48},"end":{"line":171,"column":50}}]},"18":{"loc":{"start":{"line":172,"column":2},"end":{"line":172,"column":null}},"type":"if","locations":[{"start":{"line":172,"column":2},"end":{"line":172,"column":null}}]},"19":{"loc":{"start":{"line":172,"column":6},"end":{"line":172,"column":59}},"type":"binary-expr","locations":[{"start":{"line":172,"column":6},"end":{"line":172,"column":30}},{"start":{"line":172,"column":34},"end":{"line":172,"column":59}}]},"20":{"loc":{"start":{"line":187,"column":2},"end":{"line":197,"column":3}},"type":"if","locations":[{"start":{"line":187,"column":2},"end":{"line":197,"column":3}}]},"21":{"loc":{"start":{"line":188,"column":24},"end":{"line":188,"column":40}},"type":"binary-expr","locations":[{"start":{"line":188,"column":24},"end":{"line":188,"column":34}},{"start":{"line":188,"column":38},"end":{"line":188,"column":40}}]},"22":{"loc":{"start":{"line":189,"column":33},"end":{"line":189,"column":49}},"type":"binary-expr","locations":[{"start":{"line":189,"column":33},"end":{"line":189,"column":43}},{"start":{"line":189,"column":47},"end":{"line":189,"column":49}}]},"23":{"loc":{"start":{"line":199,"column":2},"end":{"line":211,"column":3}},"type":"if","locations":[{"start":{"line":199,"column":2},"end":{"line":211,"column":3}}]},"24":{"loc":{"start":{"line":200,"column":19},"end":{"line":210,"column":24}},"type":"cond-expr","locations":[{"start":{"line":201,"column":8},"end":{"line":201,"column":34}},{"start":{"line":203,"column":8},"end":{"line":210,"column":24}}]},"25":{"loc":{"start":{"line":209,"column":32},"end":{"line":209,"column":53}},"type":"cond-expr","locations":[{"start":{"line":209,"column":44},"end":{"line":209,"column":47}},{"start":{"line":209,"column":50},"end":{"line":209,"column":53}}]}},"s":{"0":1,"1":1,"2":1,"3":1,"4":1,"5":1,"6":0,"7":0,"8":0,"9":0,"10":0,"11":0,"12":0,"13":0,"14":0,"15":0,"16":0,"17":0,"18":0,"19":0,"20":0,"21":0,"22":1,"23":1,"24":0,"25":0,"26":0,"27":0,"28":0,"29":0,"30":0,"31":0,"32":0,"33":1,"34":0,"35":0,"36":0,"37":0,"38":0,"39":0,"40":0,"41":1,"42":7,"43":1,"44":6,"45":6,"46":6,"47":0,"48":6,"49":6,"50":6,"51":6,"52":4,"53":10,"54":10,"55":10,"56":10,"57":6,"58":3,"59":6,"60":6,"61":6,"62":6,"63":1},"f":{"0":0,"1":0,"2":0,"3":0,"4":0,"5":0,"6":0,"7":0,"8":0,"9":0,"10":0,"11":0,"12":0,"13":0,"14":0,"15":0,"16":0,"17":7,"18":10,"19":6},"b":{"0":[0,0],"1":[0,0],"2":[0,0],"3":[0,0],"4":[0,0],"5":[0,0],"6":[0,0],"7":[0,0],"8":[0,0],"9":[0],"10":[0],"11":[0,0],"12":[0],"13":[0],"14":[0],"15":[0,0],"16":[1],"17":[6,0],"18":[0],"19":[6,2],"20":[4],"21":[4,0],"22":[10,0],"23":[3],"24":[1,2],"25":[2,4]}}
}
