{"/Users/steve/Documents/sentosa/code/stcland/packages/rest-hooks/src/restClient.ts": {"path":"/Users/steve/Documents/sentosa/code/stcland/packages/rest-hooks/src/restClient.ts","statementMap":{"0":{"start":{"line":1,"column":0},"end":{"line":1,"column":72}},"1":{"start":{"line":3,"column":0},"end":{"line":3,"column":39}},"2":{"start":{"line":4,"column":0},"end":{"line":4,"column":79}},"3":{"start":{"line":5,"column":0},"end":{"line":5,"column":41}},"4":{"start":{"line":6,"column":0},"end":{"line":6,"column":null}},"5":{"start":{"line":20,"column":32},"end":{"line":89,"column":1}},"6":{"start":{"line":27,"column":33},"end":{"line":34,"column":null}},"7":{"start":{"line":38,"column":2},"end":{"line":38,"column":null}},"8":{"start":{"line":38,"column":38},"end":{"line":38,"column":79}},"9":{"start":{"line":39,"column":2},"end":{"line":39,"column":null}},"10":{"start":{"line":39,"column":39},"end":{"line":39,"column":81}},"11":{"start":{"line":40,"column":2},"end":{"line":40,"column":null}},"12":{"start":{"line":40,"column":38},"end":{"line":40,"column":79}},"13":{"start":{"line":41,"column":2},"end":{"line":41,"column":null}},"14":{"start":{"line":41,"column":40},"end":{"line":41,"column":83}},"15":{"start":{"line":42,"column":2},"end":{"line":42,"column":null}},"16":{"start":{"line":42,"column":41},"end":{"line":42,"column":85}},"17":{"start":{"line":47,"column":2},"end":{"line":50,"column":null}},"18":{"start":{"line":49,"column":4},"end":{"line":50,"column":88}},"19":{"start":{"line":50,"column":4},"end":{"line":50,"column":88}},"20":{"start":{"line":52,"column":2},"end":{"line":55,"column":null}},"21":{"start":{"line":54,"column":4},"end":{"line":55,"column":97}},"22":{"start":{"line":55,"column":6},"end":{"line":55,"column":97}},"23":{"start":{"line":57,"column":2},"end":{"line":60,"column":null}},"24":{"start":{"line":59,"column":4},"end":{"line":60,"column":96}},"25":{"start":{"line":60,"column":6},"end":{"line":60,"column":96}},"26":{"start":{"line":62,"column":2},"end":{"line":65,"column":null}},"27":{"start":{"line":64,"column":4},"end":{"line":65,"column":98}},"28":{"start":{"line":65,"column":6},"end":{"line":65,"column":98}},"29":{"start":{"line":67,"column":2},"end":{"line":70,"column":null}},"30":{"start":{"line":69,"column":4},"end":{"line":70,"column":93}},"31":{"start":{"line":70,"column":6},"end":{"line":70,"column":93}},"32":{"start":{"line":75,"column":2},"end":{"line":80,"column":null}},"33":{"start":{"line":78,"column":61},"end":{"line":78,"column":75}},"34":{"start":{"line":82,"column":2},"end":{"line":87,"column":null}},"35":{"start":{"line":88,"column":2},"end":{"line":88,"column":null}},"36":{"start":{"line":20,"column":13},"end":{"line":20,"column":32}},"37":{"start":{"line":103,"column":2},"end":{"line":118,"column":1}},"38":{"start":{"line":104,"column":2},"end":{"line":118,"column":1}},"39":{"start":{"line":106,"column":38},"end":{"line":106,"column":42}},"40":{"start":{"line":107,"column":22},"end":{"line":107,"column":72}},"41":{"start":{"line":108,"column":41},"end":{"line":108,"column":44}},"42":{"start":{"line":110,"column":2},"end":{"line":113,"column":3}},"43":{"start":{"line":111,"column":4},"end":{"line":111,"column":null}},"44":{"start":{"line":112,"column":4},"end":{"line":112,"column":null}},"45":{"start":{"line":112,"column":14},"end":{"line":112,"column":null}},"46":{"start":{"line":115,"column":2},"end":{"line":117,"column":null}},"47":{"start":{"line":127,"column":2},"end":{"line":140,"column":1}},"48":{"start":{"line":128,"column":2},"end":{"line":140,"column":1}},"49":{"start":{"line":134,"column":6},"end":{"line":134,"column":10}},"50":{"start":{"line":133,"column":35},"end":{"line":133,"column":38}},"51":{"start":{"line":136,"column":39},"end":{"line":136,"column":42}},"52":{"start":{"line":137,"column":2},"end":{"line":137,"column":82}},"53":{"start":{"line":137,"column":17},"end":{"line":137,"column":81}},"54":{"start":{"line":139,"column":2},"end":{"line":139,"column":null}},"55":{"start":{"line":161,"column":30},"end":{"line":211,"column":1}},"56":{"start":{"line":165,"column":2},"end":{"line":165,"column":null}},"57":{"start":{"line":165,"column":28},"end":{"line":165,"column":null}},"58":{"start":{"line":166,"column":2},"end":{"line":166,"column":null}},"59":{"start":{"line":168,"column":38},"end":{"line":168,"column":50}},"60":{"start":{"line":169,"column":2},"end":{"line":169,"column":null}},"61":{"start":{"line":169,"column":61},"end":{"line":169,"column":null}},"62":{"start":{"line":171,"column":2},"end":{"line":174,"column":null}},"63":{"start":{"line":176,"column":2},"end":{"line":179,"column":null}},"64":{"start":{"line":181,"column":21},"end":{"line":181,"column":29}},"65":{"start":{"line":184,"column":2},"end":{"line":194,"column":3}},"66":{"start":{"line":185,"column":4},"end":{"line":193,"column":null}},"67":{"start":{"line":186,"column":25},"end":{"line":186,"column":61}},"68":{"start":{"line":187,"column":6},"end":{"line":190,"column":null}},"69":{"start":{"line":191,"column":28},"end":{"line":191,"column":67}},"70":{"start":{"line":192,"column":6},"end":{"line":192,"column":null}},"71":{"start":{"line":196,"column":2},"end":{"line":208,"column":3}},"72":{"start":{"line":197,"column":4},"end":{"line":207,"column":null}},"73":{"start":{"line":201,"column":29},"end":{"line":201,"column":50}},"74":{"start":{"line":202,"column":10},"end":{"line":205,"column":null}},"75":{"start":{"line":206,"column":10},"end":{"line":206,"column":null}},"76":{"start":{"line":210,"column":2},"end":{"line":210,"column":null}},"77":{"start":{"line":161,"column":13},"end":{"line":161,"column":30}}},"fnMap":{"0":{"name":"(anonymous_1)","decl":{"start":{"line":20,"column":32},"end":{"line":20,"column":null}},"loc":{"start":{"line":22,"column":32},"end":{"line":89,"column":1}}},"1":{"name":"(anonymous_2)","decl":{"start":{"line":38,"column":19},"end":{"line":38,"column":24}},"loc":{"start":{"line":38,"column":38},"end":{"line":38,"column":79}}},"2":{"name":"(anonymous_3)","decl":{"start":{"line":39,"column":20},"end":{"line":39,"column":25}},"loc":{"start":{"line":39,"column":39},"end":{"line":39,"column":81}}},"3":{"name":"(anonymous_4)","decl":{"start":{"line":40,"column":19},"end":{"line":40,"column":24}},"loc":{"start":{"line":40,"column":38},"end":{"line":40,"column":79}}},"4":{"name":"(anonymous_5)","decl":{"start":{"line":41,"column":21},"end":{"line":41,"column":26}},"loc":{"start":{"line":41,"column":40},"end":{"line":41,"column":83}}},"5":{"name":"(anonymous_6)","decl":{"start":{"line":42,"column":22},"end":{"line":42,"column":27}},"loc":{"start":{"line":42,"column":41},"end":{"line":42,"column":85}}},"6":{"name":"(anonymous_7)","decl":{"start":{"line":48,"column":4},"end":{"line":48,"column":5}},"loc":{"start":{"line":49,"column":4},"end":{"line":50,"column":88}}},"7":{"name":"(anonymous_8)","decl":{"start":{"line":49,"column":4},"end":{"line":49,"column":7}},"loc":{"start":{"line":50,"column":4},"end":{"line":50,"column":88}}},"8":{"name":"(anonymous_9)","decl":{"start":{"line":53,"column":4},"end":{"line":53,"column":5}},"loc":{"start":{"line":54,"column":4},"end":{"line":55,"column":97}}},"9":{"name":"(anonymous_10)","decl":{"start":{"line":54,"column":4},"end":{"line":54,"column":5}},"loc":{"start":{"line":55,"column":6},"end":{"line":55,"column":97}}},"10":{"name":"(anonymous_11)","decl":{"start":{"line":58,"column":4},"end":{"line":58,"column":5}},"loc":{"start":{"line":59,"column":4},"end":{"line":60,"column":96}}},"11":{"name":"(anonymous_12)","decl":{"start":{"line":59,"column":4},"end":{"line":59,"column":5}},"loc":{"start":{"line":60,"column":6},"end":{"line":60,"column":96}}},"12":{"name":"(anonymous_13)","decl":{"start":{"line":63,"column":4},"end":{"line":63,"column":5}},"loc":{"start":{"line":64,"column":4},"end":{"line":65,"column":98}}},"13":{"name":"(anonymous_14)","decl":{"start":{"line":64,"column":4},"end":{"line":64,"column":5}},"loc":{"start":{"line":65,"column":6},"end":{"line":65,"column":98}}},"14":{"name":"(anonymous_15)","decl":{"start":{"line":68,"column":4},"end":{"line":68,"column":5}},"loc":{"start":{"line":69,"column":4},"end":{"line":70,"column":93}}},"15":{"name":"(anonymous_16)","decl":{"start":{"line":69,"column":4},"end":{"line":69,"column":5}},"loc":{"start":{"line":70,"column":6},"end":{"line":70,"column":93}}},"16":{"name":"(anonymous_17)","decl":{"start":{"line":78,"column":55},"end":{"line":78,"column":58}},"loc":{"start":{"line":78,"column":61},"end":{"line":78,"column":75}}},"17":{"name":"(anonymous_18)","decl":{"start":{"line":103,"column":2},"end":{"line":103,"column":3}},"loc":{"start":{"line":104,"column":2},"end":{"line":118,"column":1}}},"18":{"name":"(anonymous_19)","decl":{"start":{"line":104,"column":2},"end":{"line":104,"column":3}},"loc":{"start":{"line":104,"column":85},"end":{"line":118,"column":1}}},"19":{"name":"(anonymous_20)","decl":{"start":{"line":127,"column":2},"end":{"line":127,"column":3}},"loc":{"start":{"line":128,"column":2},"end":{"line":140,"column":1}}},"20":{"name":"(anonymous_21)","decl":{"start":{"line":128,"column":2},"end":{"line":128,"column":3}},"loc":{"start":{"line":128,"column":25},"end":{"line":140,"column":1}}},"21":{"name":"(anonymous_22)","decl":{"start":{"line":133,"column":28},"end":{"line":133,"column":31}},"loc":{"start":{"line":133,"column":35},"end":{"line":133,"column":38}}},"22":{"name":"(anonymous_23)","decl":{"start":{"line":161,"column":30},"end":{"line":161,"column":null}},"loc":{"start":{"line":164,"column":4},"end":{"line":211,"column":1}}},"23":{"name":"(anonymous_24)","decl":{"start":{"line":185,"column":49},"end":{"line":185,"column":50}},"loc":{"start":{"line":185,"column":81},"end":{"line":193,"column":5}}},"24":{"name":"(anonymous_25)","decl":{"start":{"line":200,"column":33},"end":{"line":200,"column":34}},"loc":{"start":{"line":200,"column":62},"end":{"line":207,"column":9}}}},"branchMap":{"0":{"loc":{"start":{"line":31,"column":15},"end":{"line":31,"column":49}},"type":"binary-expr","locations":[{"start":{"line":31,"column":15},"end":{"line":31,"column":43}},{"start":{"line":31,"column":47},"end":{"line":31,"column":49}}]},"1":{"loc":{"start":{"line":32,"column":15},"end":{"line":32,"column":44}},"type":"binary-expr","locations":[{"start":{"line":32,"column":15},"end":{"line":32,"column":36}},{"start":{"line":32,"column":40},"end":{"line":32,"column":44}}]},"2":{"loc":{"start":{"line":50,"column":56},"end":{"line":50,"column":72}},"type":"binary-expr","locations":[{"start":{"line":50,"column":56},"end":{"line":50,"column":66}},{"start":{"line":50,"column":70},"end":{"line":50,"column":72}}]},"3":{"loc":{"start":{"line":55,"column":59},"end":{"line":55,"column":75}},"type":"binary-expr","locations":[{"start":{"line":55,"column":59},"end":{"line":55,"column":69}},{"start":{"line":55,"column":73},"end":{"line":55,"column":75}}]},"4":{"loc":{"start":{"line":60,"column":58},"end":{"line":60,"column":74}},"type":"binary-expr","locations":[{"start":{"line":60,"column":58},"end":{"line":60,"column":68}},{"start":{"line":60,"column":72},"end":{"line":60,"column":74}}]},"5":{"loc":{"start":{"line":65,"column":60},"end":{"line":65,"column":76}},"type":"binary-expr","locations":[{"start":{"line":65,"column":60},"end":{"line":65,"column":70}},{"start":{"line":65,"column":74},"end":{"line":65,"column":76}}]},"6":{"loc":{"start":{"line":70,"column":61},"end":{"line":70,"column":77}},"type":"binary-expr","locations":[{"start":{"line":70,"column":61},"end":{"line":70,"column":71}},{"start":{"line":70,"column":75},"end":{"line":70,"column":77}}]},"7":{"loc":{"start":{"line":78,"column":22},"end":{"line":78,"column":76}},"type":"binary-expr","locations":[{"start":{"line":78,"column":22},"end":{"line":78,"column":50}},{"start":{"line":78,"column":55},"end":{"line":78,"column":75}}]},"8":{"loc":{"start":{"line":107,"column":22},"end":{"line":107,"column":72}},"type":"cond-expr","locations":[{"start":{"line":107,"column":51},"end":{"line":107,"column":67}},{"start":{"line":107,"column":70},"end":{"line":107,"column":72}}]},"9":{"loc":{"start":{"line":110,"column":2},"end":{"line":113,"column":3}},"type":"if","locations":[{"start":{"line":110,"column":2},"end":{"line":113,"column":3}}]},"10":{"loc":{"start":{"line":112,"column":4},"end":{"line":112,"column":null}},"type":"if","locations":[{"start":{"line":112,"column":4},"end":{"line":112,"column":null}}]},"11":{"loc":{"start":{"line":115,"column":9},"end":{"line":117,"column":9}},"type":"cond-expr","locations":[{"start":{"line":116,"column":6},"end":{"line":116,"column":75}},{"start":{"line":117,"column":6},"end":{"line":117,"column":9}}]},"12":{"loc":{"start":{"line":132,"column":4},"end":{"line":132,"column":19}},"type":"default-arg","locations":[{"start":{"line":132,"column":14},"end":{"line":132,"column":19}}]},"13":{"loc":{"start":{"line":133,"column":4},"end":{"line":133,"column":38}},"type":"default-arg","locations":[{"start":{"line":133,"column":28},"end":{"line":133,"column":38}}]},"14":{"loc":{"start":{"line":137,"column":2},"end":{"line":137,"column":82}},"type":"if","locations":[{"start":{"line":137,"column":2},"end":{"line":137,"column":82}}]},"15":{"loc":{"start":{"line":137,"column":69},"end":{"line":137,"column":79}},"type":"binary-expr","locations":[{"start":{"line":137,"column":69},"end":{"line":137,"column":73}},{"start":{"line":137,"column":77},"end":{"line":137,"column":79}}]},"16":{"loc":{"start":{"line":165,"column":2},"end":{"line":165,"column":null}},"type":"if","locations":[{"start":{"line":165,"column":2},"end":{"line":165,"column":null}}]},"17":{"loc":{"start":{"line":168,"column":38},"end":{"line":168,"column":50}},"type":"binary-expr","locations":[{"start":{"line":168,"column":38},"end":{"line":168,"column":44}},{"start":{"line":168,"column":48},"end":{"line":168,"column":50}}]},"18":{"loc":{"start":{"line":169,"column":2},"end":{"line":169,"column":null}},"type":"if","locations":[{"start":{"line":169,"column":2},"end":{"line":169,"column":null}}]},"19":{"loc":{"start":{"line":169,"column":6},"end":{"line":169,"column":59}},"type":"binary-expr","locations":[{"start":{"line":169,"column":6},"end":{"line":169,"column":30}},{"start":{"line":169,"column":34},"end":{"line":169,"column":59}}]},"20":{"loc":{"start":{"line":184,"column":2},"end":{"line":194,"column":3}},"type":"if","locations":[{"start":{"line":184,"column":2},"end":{"line":194,"column":3}}]},"21":{"loc":{"start":{"line":185,"column":24},"end":{"line":185,"column":40}},"type":"binary-expr","locations":[{"start":{"line":185,"column":24},"end":{"line":185,"column":34}},{"start":{"line":185,"column":38},"end":{"line":185,"column":40}}]},"22":{"loc":{"start":{"line":186,"column":33},"end":{"line":186,"column":49}},"type":"binary-expr","locations":[{"start":{"line":186,"column":33},"end":{"line":186,"column":43}},{"start":{"line":186,"column":47},"end":{"line":186,"column":49}}]},"23":{"loc":{"start":{"line":196,"column":2},"end":{"line":208,"column":3}},"type":"if","locations":[{"start":{"line":196,"column":2},"end":{"line":208,"column":3}}]},"24":{"loc":{"start":{"line":197,"column":19},"end":{"line":207,"column":24}},"type":"cond-expr","locations":[{"start":{"line":198,"column":8},"end":{"line":198,"column":34}},{"start":{"line":200,"column":8},"end":{"line":207,"column":24}}]},"25":{"loc":{"start":{"line":206,"column":32},"end":{"line":206,"column":53}},"type":"cond-expr","locations":[{"start":{"line":206,"column":44},"end":{"line":206,"column":47}},{"start":{"line":206,"column":50},"end":{"line":206,"column":53}}]}},"s":{"0":1,"1":1,"2":1,"3":1,"4":1,"5":1,"6":0,"7":0,"8":0,"9":0,"10":0,"11":0,"12":0,"13":0,"14":0,"15":0,"16":0,"17":0,"18":0,"19":0,"20":0,"21":0,"22":0,"23":0,"24":0,"25":0,"26":0,"27":0,"28":0,"29":0,"30":0,"31":0,"32":0,"33":0,"34":0,"35":0,"36":1,"37":1,"38":0,"39":0,"40":0,"41":0,"42":0,"43":0,"44":0,"45":0,"46":0,"47":1,"48":0,"49":0,"50":0,"51":0,"52":0,"53":0,"54":0,"55":1,"56":7,"57":1,"58":6,"59":6,"60":6,"61":0,"62":6,"63":6,"64":6,"65":6,"66":4,"67":10,"68":10,"69":10,"70":10,"71":6,"72":3,"73":6,"74":6,"75":6,"76":6,"77":1},"f":{"0":0,"1":0,"2":0,"3":0,"4":0,"5":0,"6":0,"7":0,"8":0,"9":0,"10":0,"11":0,"12":0,"13":0,"14":0,"15":0,"16":0,"17":0,"18":0,"19":0,"20":0,"21":0,"22":7,"23":10,"24":6},"b":{"0":[0,0],"1":[0,0],"2":[0,0],"3":[0,0],"4":[0,0],"5":[0,0],"6":[0,0],"7":[0,0],"8":[0,0],"9":[0],"10":[0],"11":[0,0],"12":[0],"13":[0],"14":[0],"15":[0,0],"16":[1],"17":[6,0],"18":[0],"19":[6,2],"20":[4],"21":[4,0],"22":[10,0],"23":[3],"24":[1,2],"25":[2,4]}}
}
