TN:
SF:src/restClient.ts
FN:21,(anonymous_1)
FN:50,(anonymous_2)
FN:51,(anonymous_3)
FN:55,(anonymous_4)
FN:56,(anonymous_5)
FN:60,(anonymous_6)
FN:61,(anonymous_7)
FN:65,(anonymous_8)
FN:66,(anonymous_9)
FN:70,(anonymous_10)
FN:71,(anonymous_11)
FN:81,(anonymous_12)
FN:106,(anonymous_13)
FN:107,(anonymous_14)
FN:130,(anonymous_15)
FN:131,(anonymous_16)
FN:136,(anonymous_17)
FN:164,(anonymous_18)
FN:188,(anonymous_19)
FN:203,(anonymous_20)
FNF:20
FNH:3
FNDA:0,(anonymous_1)
FNDA:0,(anonymous_2)
FNDA:0,(anonymous_3)
FNDA:0,(anonymous_4)
FNDA:0,(anonymous_5)
FNDA:0,(anonymous_6)
FNDA:0,(anonymous_7)
FNDA:0,(anonymous_8)
FNDA:0,(anonymous_9)
FNDA:0,(anonymous_10)
FNDA:0,(anonymous_11)
FNDA:0,(anonymous_12)
FNDA:0,(anonymous_13)
FNDA:0,(anonymous_14)
FNDA:0,(anonymous_15)
FNDA:0,(anonymous_16)
FNDA:0,(anonymous_17)
FNDA:7,(anonymous_18)
FNDA:10,(anonymous_19)
FNDA:6,(anonymous_20)
DA:1,1
DA:3,1
DA:4,1
DA:5,1
DA:6,1
DA:21,1
DA:26,0
DA:31,0
DA:51,0
DA:52,0
DA:56,0
DA:57,0
DA:61,0
DA:62,0
DA:66,0
DA:67,0
DA:71,0
DA:72,0
DA:78,0
DA:81,0
DA:85,0
DA:91,0
DA:106,1
DA:107,0
DA:109,0
DA:110,0
DA:111,0
DA:113,0
DA:114,0
DA:115,0
DA:118,0
DA:130,1
DA:131,0
DA:136,0
DA:137,0
DA:139,0
DA:140,0
DA:142,0
DA:164,1
DA:168,7
DA:169,6
DA:171,6
DA:172,6
DA:174,6
DA:179,6
DA:184,6
DA:187,6
DA:188,4
DA:189,10
DA:190,10
DA:194,10
DA:195,10
DA:199,6
DA:200,3
DA:204,6
DA:205,6
DA:209,6
DA:213,6
LF:58
LH:28
BRDA:27,0,0,0
BRDA:27,0,1,0
BRDA:28,1,0,0
BRDA:28,1,1,0
BRDA:52,2,0,0
BRDA:52,2,1,0
BRDA:57,3,0,0
BRDA:57,3,1,0
BRDA:62,4,0,0
BRDA:62,4,1,0
BRDA:67,5,0,0
BRDA:67,5,1,0
BRDA:72,6,0,0
BRDA:72,6,1,0
BRDA:81,7,0,0
BRDA:81,7,1,0
BRDA:110,8,0,0
BRDA:110,8,1,0
BRDA:113,9,0,0
BRDA:115,10,0,0
BRDA:118,11,0,0
BRDA:118,11,1,0
BRDA:135,12,0,0
BRDA:136,13,0,0
BRDA:140,14,0,0
BRDA:140,15,0,0
BRDA:140,15,1,0
BRDA:168,16,0,1
BRDA:171,17,0,6
BRDA:171,17,1,0
BRDA:172,18,0,0
BRDA:172,19,0,6
BRDA:172,19,1,2
BRDA:187,20,0,4
BRDA:188,21,0,4
BRDA:188,21,1,0
BRDA:189,22,0,10
BRDA:189,22,1,0
BRDA:199,23,0,3
BRDA:200,24,0,1
BRDA:200,24,1,2
BRDA:209,25,0,2
BRDA:209,25,1,4
BRF:43
BRH:12
end_of_record
