TN:
SF:src/restClient.ts
FN:20,(anonymous_1)
FN:38,(anonymous_2)
FN:39,(anonymous_3)
FN:40,(anonymous_4)
FN:41,(anonymous_5)
FN:42,(anonymous_6)
FN:48,(anonymous_7)
FN:49,(anonymous_8)
FN:53,(anonymous_9)
FN:54,(anonymous_10)
FN:58,(anonymous_11)
FN:59,(anonymous_12)
FN:63,(anonymous_13)
FN:64,(anonymous_14)
FN:68,(anonymous_15)
FN:69,(anonymous_16)
FN:78,(anonymous_17)
FN:103,(anonymous_18)
FN:104,(anonymous_19)
FN:127,(anonymous_20)
FN:128,(anonymous_21)
FN:133,(anonymous_22)
FN:161,(anonymous_23)
FN:185,(anonymous_24)
FN:200,(anonymous_25)
FNF:25
FNH:3
FNDA:0,(anonymous_1)
FNDA:0,(anonymous_2)
FNDA:0,(anonymous_3)
FNDA:0,(anonymous_4)
FNDA:0,(anonymous_5)
FNDA:0,(anonymous_6)
FNDA:0,(anonymous_7)
FNDA:0,(anonymous_8)
FNDA:0,(anonymous_9)
FNDA:0,(anonymous_10)
FNDA:0,(anonymous_11)
FNDA:0,(anonymous_12)
FNDA:0,(anonymous_13)
FNDA:0,(anonymous_14)
FNDA:0,(anonymous_15)
FNDA:0,(anonymous_16)
FNDA:0,(anonymous_17)
FNDA:0,(anonymous_18)
FNDA:0,(anonymous_19)
FNDA:0,(anonymous_20)
FNDA:0,(anonymous_21)
FNDA:0,(anonymous_22)
FNDA:7,(anonymous_23)
FNDA:10,(anonymous_24)
FNDA:6,(anonymous_25)
DA:1,1
DA:3,1
DA:4,1
DA:5,1
DA:6,1
DA:20,1
DA:27,0
DA:38,0
DA:39,0
DA:40,0
DA:41,0
DA:42,0
DA:47,0
DA:49,0
DA:50,0
DA:52,0
DA:54,0
DA:55,0
DA:57,0
DA:59,0
DA:60,0
DA:62,0
DA:64,0
DA:65,0
DA:67,0
DA:69,0
DA:70,0
DA:75,0
DA:78,0
DA:82,0
DA:88,0
DA:103,1
DA:104,0
DA:106,0
DA:107,0
DA:108,0
DA:110,0
DA:111,0
DA:112,0
DA:115,0
DA:127,1
DA:128,0
DA:133,0
DA:134,0
DA:136,0
DA:137,0
DA:139,0
DA:161,1
DA:165,7
DA:166,6
DA:168,6
DA:169,6
DA:171,6
DA:176,6
DA:181,6
DA:184,6
DA:185,4
DA:186,10
DA:187,10
DA:191,10
DA:192,10
DA:196,6
DA:197,3
DA:201,6
DA:202,6
DA:206,6
DA:210,6
LF:67
LH:28
BRDA:31,0,0,0
BRDA:31,0,1,0
BRDA:32,1,0,0
BRDA:32,1,1,0
BRDA:50,2,0,0
BRDA:50,2,1,0
BRDA:55,3,0,0
BRDA:55,3,1,0
BRDA:60,4,0,0
BRDA:60,4,1,0
BRDA:65,5,0,0
BRDA:65,5,1,0
BRDA:70,6,0,0
BRDA:70,6,1,0
BRDA:78,7,0,0
BRDA:78,7,1,0
BRDA:107,8,0,0
BRDA:107,8,1,0
BRDA:110,9,0,0
BRDA:112,10,0,0
BRDA:115,11,0,0
BRDA:115,11,1,0
BRDA:132,12,0,0
BRDA:133,13,0,0
BRDA:137,14,0,0
BRDA:137,15,0,0
BRDA:137,15,1,0
BRDA:165,16,0,1
BRDA:168,17,0,6
BRDA:168,17,1,0
BRDA:169,18,0,0
BRDA:169,19,0,6
BRDA:169,19,1,2
BRDA:184,20,0,4
BRDA:185,21,0,4
BRDA:185,21,1,0
BRDA:186,22,0,10
BRDA:186,22,1,0
BRDA:196,23,0,3
BRDA:197,24,0,1
BRDA:197,24,1,2
BRDA:206,25,0,2
BRDA:206,25,1,4
BRF:43
BRH:12
end_of_record
